app/build/intermediates/manifest_merge_blame_file/debug/manifest-merger-blame-debug-report.txt
1<?xml version="1.0" encoding="utf-8"?>
2<manifest xmlns:android="http://schemas.android.com/apk/res/android"
3    package="com.jarredapps.makeitdown"
4    android:versionCode="1"
5    android:versionName="1.0" >
6
7    <uses-sdk
8        android:minSdkVersion="21"
8-->src\main\AndroidManifest.xml
9        android:targetSdkVersion="34" />
9-->src\main\AndroidManifest.xml
10
11    <uses-permission android:name="android.permission.MANAGE_EXTERNAL_STORAGE" />
11-->src\main\AndroidManifest.xml:5:2-79
11-->src\main\AndroidManifest.xml:5:19-76
12    <uses-permission android:name="android.permission.READ_MEDIA_AUDIO" />
12-->src\main\AndroidManifest.xml:6:2-72
12-->src\main\AndroidManifest.xml:6:19-69
13    <uses-permission android:name="android.permission.READ_MEDIA_IMAGES" />
13-->src\main\AndroidManifest.xml:7:2-73
13-->src\main\AndroidManifest.xml:7:19-70
14    <uses-permission android:name="android.permission.READ_MEDIA_VIDEO" />
14-->src\main\AndroidManifest.xml:8:2-72
14-->src\main\AndroidManifest.xml:8:19-69
15
16    <permission
16-->[androidx.core:core:1.13.0] AndroidManifest.xml:22:5-24:47
17        android:name="com.jarredapps.makeitdown.DYNAMIC_RECEIVER_NOT_EXPORTED_PERMISSION"
17-->[androidx.core:core:1.13.0] AndroidManifest.xml:23:9-81
18        android:protectionLevel="signature" />
18-->[androidx.core:core:1.13.0] AndroidManifest.xml:24:9-44
19
20    <uses-permission android:name="com.jarredapps.makeitdown.DYNAMIC_RECEIVER_NOT_EXPORTED_PERMISSION" />
20-->[androidx.core:core:1.13.0] AndroidManifest.xml:26:5-97
20-->[androidx.core:core:1.13.0] AndroidManifest.xml:26:22-94
21
22    <application
22-->src\main\AndroidManifest.xml:9:2-46:16
23        android:allowBackup="true"
23-->src\main\AndroidManifest.xml:10:3-29
24        android:appComponentFactory="androidx.core.app.CoreComponentFactory"
24-->[androidx.core:core:1.13.0] AndroidManifest.xml:28:18-86
25        android:debuggable="true"
26        android:icon="@mipmap/ic_launcher"
26-->src\main\AndroidManifest.xml:11:3-37
27        android:label="@string/app_name"
27-->src\main\AndroidManifest.xml:12:3-35
28        android:requestLegacyExternalStorage="true"
28-->src\main\AndroidManifest.xml:13:3-46
29        android:testOnly="true"
30        android:theme="@style/AppTheme"
30-->src\main\AndroidManifest.xml:15:3-34
31        android:usesCleartextTraffic="true" >
31-->src\main\AndroidManifest.xml:14:3-38
32        <activity
32-->src\main\AndroidManifest.xml:16:3-27:14
33            android:name="com.jarredapps.makeitdown.MainActivity"
33-->src\main\AndroidManifest.xml:17:4-32
34            android:configChanges="orientation|screenSize|keyboardHidden|smallestScreenSize|screenLayout"
34-->src\main\AndroidManifest.xml:18:4-97
35            android:exported="true"
35-->src\main\AndroidManifest.xml:22:4-27
36            android:hardwareAccelerated="true"
36-->src\main\AndroidManifest.xml:19:4-38
37            android:supportsPictureInPicture="true"
37-->src\main\AndroidManifest.xml:20:4-43
38            android:windowSoftInputMode="stateVisible" >
38-->src\main\AndroidManifest.xml:21:4-46
39            <intent-filter>
39-->src\main\AndroidManifest.xml:23:4-26:20
40                <action android:name="android.intent.action.MAIN" />
40-->src\main\AndroidManifest.xml:24:5-57
40-->src\main\AndroidManifest.xml:24:13-54
41
42                <category android:name="android.intent.category.LAUNCHER" />
42-->src\main\AndroidManifest.xml:25:5-65
42-->src\main\AndroidManifest.xml:25:15-62
43            </intent-filter>
44        </activity>
45        <!-- <activity -->
46        <!-- android:name=".DebugActivity" -->
47        <!-- android:screenOrientation="portrait" -->
48        <!-- android:theme="@style/AppTheme.DebugActivity" /> -->
49        <!-- <provider -->
50        <!-- android:name="androidx.startup.InitializationProvider" -->
51        <!-- android:authorities="com.jarredapps.makeitdown.androidx-startup" -->
52        <!-- android:exported="false"> -->
53        <!-- <meta-data -->
54        <!-- android:name="androidx.lifecycle.ProcessLifecycleInitializer" -->
55        <!-- android:value="androidx.startup" /> -->
56        <!-- <meta-data -->
57        <!-- android:name="androidx.emoji2.text.EmojiCompatInitializer" -->
58        <!-- android:value="androidx.startup" /> -->
59        <!-- </provider> -->
60        <uses-library
60-->src\main\AndroidManifest.xml:43:3-45:31
61            android:name="org.apache.http.legacy"
61-->src\main\AndroidManifest.xml:44:4-41
62            android:required="false" />
62-->src\main\AndroidManifest.xml:45:4-28
63
64        <provider
64-->[androidx.emoji2:emoji2:1.2.0] AndroidManifest.xml:24:9-32:20
65            android:name="androidx.startup.InitializationProvider"
65-->[androidx.emoji2:emoji2:1.2.0] AndroidManifest.xml:25:13-67
66            android:authorities="com.jarredapps.makeitdown.androidx-startup"
66-->[androidx.emoji2:emoji2:1.2.0] AndroidManifest.xml:26:13-68
67            android:exported="false" >
67-->[androidx.emoji2:emoji2:1.2.0] AndroidManifest.xml:27:13-37
68            <meta-data
68-->[androidx.emoji2:emoji2:1.2.0] AndroidManifest.xml:29:13-31:52
69                android:name="androidx.emoji2.text.EmojiCompatInitializer"
69-->[androidx.emoji2:emoji2:1.2.0] AndroidManifest.xml:30:17-75
70                android:value="androidx.startup" />
70-->[androidx.emoji2:emoji2:1.2.0] AndroidManifest.xml:31:17-49
71            <meta-data
71-->[androidx.lifecycle:lifecycle-process:2.7.0] AndroidManifest.xml:29:13-31:52
72                android:name="androidx.lifecycle.ProcessLifecycleInitializer"
72-->[androidx.lifecycle:lifecycle-process:2.7.0] AndroidManifest.xml:30:17-78
73                android:value="androidx.startup" />
73-->[androidx.lifecycle:lifecycle-process:2.7.0] AndroidManifest.xml:31:17-49
74            <meta-data
74-->[androidx.profileinstaller:profileinstaller:1.3.0] AndroidManifest.xml:29:13-31:52
75                android:name="androidx.profileinstaller.ProfileInstallerInitializer"
75-->[androidx.profileinstaller:profileinstaller:1.3.0] AndroidManifest.xml:30:17-85
76                android:value="androidx.startup" />
76-->[androidx.profileinstaller:profileinstaller:1.3.0] AndroidManifest.xml:31:17-49
77        </provider>
78
79        <receiver
79-->[androidx.profileinstaller:profileinstaller:1.3.0] AndroidManifest.xml:34:9-52:20
80            android:name="androidx.profileinstaller.ProfileInstallReceiver"
80-->[androidx.profileinstaller:profileinstaller:1.3.0] AndroidManifest.xml:35:13-76
81            android:directBootAware="false"
81-->[androidx.profileinstaller:profileinstaller:1.3.0] AndroidManifest.xml:36:13-44
82            android:enabled="true"
82-->[androidx.profileinstaller:profileinstaller:1.3.0] AndroidManifest.xml:37:13-35
83            android:exported="true"
83-->[androidx.profileinstaller:profileinstaller:1.3.0] AndroidManifest.xml:38:13-36
84            android:permission="android.permission.DUMP" >
84-->[androidx.profileinstaller:profileinstaller:1.3.0] AndroidManifest.xml:39:13-57
85            <intent-filter>
85-->[androidx.profileinstaller:profileinstaller:1.3.0] AndroidManifest.xml:40:13-42:29
86                <action android:name="androidx.profileinstaller.action.INSTALL_PROFILE" />
86-->[androidx.profileinstaller:profileinstaller:1.3.0] AndroidManifest.xml:41:17-91
86-->[androidx.profileinstaller:profileinstaller:1.3.0] AndroidManifest.xml:41:25-88
87            </intent-filter>
88            <intent-filter>
88-->[androidx.profileinstaller:profileinstaller:1.3.0] AndroidManifest.xml:43:13-45:29
89                <action android:name="androidx.profileinstaller.action.SKIP_FILE" />
89-->[androidx.profileinstaller:profileinstaller:1.3.0] AndroidManifest.xml:44:17-85
89-->[androidx.profileinstaller:profileinstaller:1.3.0] AndroidManifest.xml:44:25-82
90            </intent-filter>
91            <intent-filter>
91-->[androidx.profileinstaller:profileinstaller:1.3.0] AndroidManifest.xml:46:13-48:29
92                <action android:name="androidx.profileinstaller.action.SAVE_PROFILE" />
92-->[androidx.profileinstaller:profileinstaller:1.3.0] AndroidManifest.xml:47:17-88
92-->[androidx.profileinstaller:profileinstaller:1.3.0] AndroidManifest.xml:47:25-85
93            </intent-filter>
94            <intent-filter>
94-->[androidx.profileinstaller:profileinstaller:1.3.0] AndroidManifest.xml:49:13-51:29
95                <action android:name="androidx.profileinstaller.action.BENCHMARK_OPERATION" />
95-->[androidx.profileinstaller:profileinstaller:1.3.0] AndroidManifest.xml:50:17-95
95-->[androidx.profileinstaller:profileinstaller:1.3.0] AndroidManifest.xml:50:25-92
96            </intent-filter>
97        </receiver>
98    </application>
99
100</manifest>